Started GET "/" for 127.0.0.1 at 2025-12-06 21:47:46 +0300
  
ActiveRecord::ConnectionNotEstablished (connection to server on socket "/tmp/.s.PGSQL.5432" failed: No such file or directory
	Is the server running locally and accepting connections on that socket?
)
Caused by: PG::ConnectionBad (connection to server on socket "/tmp/.s.PGSQL.5432" failed: No such file or directory
	Is the server running locally and accepting connections on that socket?
)

Information for: ActiveRecord::ConnectionNotEstablished (connection to server on socket "/tmp/.s.PGSQL.5432" failed: No such file or directory
	Is the server running locally and accepting connections on that socket?
):
  
activerecord (8.0.4) lib/active_record/connection_adapters/postgresql_adapter.rb:69:in `rescue in new_client'
activerecord (8.0.4) lib/active_record/connection_adapters/postgresql_adapter.rb:57:in `new_client'
activerecord (8.0.4) lib/active_record/connection_adapters/postgresql_adapter.rb:939:in `connect'
activerecord (8.0.4) lib/active_record/connection_adapters/postgresql_adapter.rb:951:in `reconnect'
activerecord (8.0.4) lib/active_record/connection_adapters/abstract_adapter.rb:669:in `block in reconnect!'
activesupport (8.0.4) lib/active_support/concurrency/null_lock.rb:9:in `synchronize'
activerecord (8.0.4) lib/active_record/connection_adapters/abstract_adapter.rb:668:in `reconnect!'
activerecord (8.0.4) lib/active_record/connection_adapters/abstract_adapter.rb:773:in `block in verify!'
activesupport (8.0.4) lib/active_support/concurrency/null_lock.rb:9:in `synchronize'
activerecord (8.0.4) lib/active_record/connection_adapters/abstract_adapter.rb:763:in `verify!'
activerecord (8.0.4) lib/active_record/connection_adapters/abstract_adapter.rb:781:in `connect!'
activerecord (8.0.4) lib/active_record/connection_adapters/abstract_adapter.rb:987:in `block in with_raw_connection'
activesupport (8.0.4) lib/active_support/concurrency/null_lock.rb:9:in `synchronize'
activerecord (8.0.4) lib/active_record/connection_adapters/abstract_adapter.rb:986:in `with_raw_connection'
activerecord (8.0.4) lib/active_record/connection_adapters/postgresql/quoting.rb:128:in `quote_string'
activerecord (8.0.4) lib/active_record/connection_adapters/abstract/quoting.rb:76:in `quote'
activerecord (8.0.4) lib/active_record/connection_adapters/postgresql/quoting.rb:122:in `quote'
activerecord (8.0.4) lib/active_record/connection_adapters/postgresql/schema_statements.rb:1142:in `quoted_scope'
activerecord (8.0.4) lib/active_record/connection_adapters/postgresql/schema_statements.rb:1119:in `data_source_sql'
activerecord (8.0.4) lib/active_record/connection_adapters/abstract/schema_statements.rb:60:in `table_exists?'
activerecord (8.0.4) lib/active_record/schema_migration.rb:55:in `block in create_table'
activerecord (8.0.4) lib/active_record/connection_adapters/abstract/connection_pool.rb:422:in `with_connection'
activerecord (8.0.4) lib/active_record/schema_migration.rb:54:in `create_table'
activerecord (8.0.4) lib/active_record/migration.rb:1430:in `initialize'
activerecord (8.0.4) lib/active_record/migration.rb:1278:in `new'
activerecord (8.0.4) lib/active_record/migration.rb:1278:in `open'
activerecord (8.0.4) lib/active_record/migration.rb:762:in `block (2 levels) in pending_migrations'
activerecord (8.0.4) lib/active_record/migration/pending_migration_connection.rb:8:in `with_temporary_pool'
activerecord (8.0.4) lib/active_record/migration.rb:761:in `block in pending_migrations'
activerecord (8.0.4) lib/active_record/migration.rb:760:in `each'
activerecord (8.0.4) lib/active_record/migration.rb:760:in `pending_migrations'
activerecord (8.0.4) lib/active_record/migration.rb:739:in `check_pending_migrations'
activerecord (8.0.4) lib/active_record/migration.rb:659:in `block (2 levels) in call'
activesupport (8.0.4) lib/active_support/file_update_checker.rb:85:in `execute'
activerecord (8.0.4) lib/active_record/migration.rb:664:in `block in call'
activerecord (8.0.4) lib/active_record/migration.rb:656:in `synchronize'
activerecord (8.0.4) lib/active_record/migration.rb:656:in `call'
actionpack (8.0.4) lib/action_dispatch/middleware/callbacks.rb:31:in `block in call'
activesupport (8.0.4) lib/active_support/callbacks.rb:100:in `run_callbacks'
actionpack (8.0.4) lib/action_dispatch/middleware/callbacks.rb:30:in `call'
actionpack (8.0.4) lib/action_dispatch/middleware/executor.rb:16:in `call'
actionpack (8.0.4) lib/action_dispatch/middleware/actionable_exceptions.rb:18:in `call'
actionpack (8.0.4) lib/action_dispatch/middleware/debug_exceptions.rb:31:in `call'
web-console (4.2.1) lib/web_console/middleware.rb:132:in `call_app'
web-console (4.2.1) lib/web_console/middleware.rb:28:in `block in call'
web-console (4.2.1) lib/web_console/middleware.rb:17:in `catch'
web-console (4.2.1) lib/web_console/middleware.rb:17:in `call'
actionpack (8.0.4) lib/action_dispatch/middleware/show_exceptions.rb:32:in `call'
railties (8.0.4) lib/rails/rack/logger.rb:41:in `call_app'
railties (8.0.4) lib/rails/rack/logger.rb:29:in `call'
actionpack (8.0.4) lib/action_dispatch/middleware/remote_ip.rb:96:in `call'
actionpack (8.0.4) lib/action_dispatch/middleware/request_id.rb:34:in `call'
rack (3.2.4) lib/rack/method_override.rb:28:in `call'
rack (3.2.4) lib/rack/runtime.rb:24:in `call'
actionpack (8.0.4) lib/action_dispatch/middleware/server_timing.rb:61:in `block in call'
actionpack (8.0.4) lib/action_dispatch/middleware/server_timing.rb:26:in `collect_events'
actionpack (8.0.4) lib/action_dispatch/middleware/server_timing.rb:60:in `call'
actionpack (8.0.4) lib/action_dispatch/middleware/executor.rb:16:in `call'
propshaft (1.3.1) lib/propshaft/server.rb:37:in `call'
actionpack (8.0.4) lib/action_dispatch/middleware/static.rb:27:in `call'
rack (3.2.4) lib/rack/sendfile.rb:131:in `call'
actionpack (8.0.4) lib/action_dispatch/middleware/host_authorization.rb:143:in `call'
railties (8.0.4) lib/rails/engine.rb:535:in `call'
puma (7.1.0) lib/puma/configuration.rb:300:in `call'
puma (7.1.0) lib/puma/request.rb:101:in `block in handle_request'
puma (7.1.0) lib/puma/thread_pool.rb:355:in `with_force_shutdown'
puma (7.1.0) lib/puma/request.rb:100:in `handle_request'
puma (7.1.0) lib/puma/server.rb:503:in `process_client'
puma (7.1.0) lib/puma/server.rb:262:in `block in run'
puma (7.1.0) lib/puma/thread_pool.rb:182:in `block in spawn_thread'

Information for cause: PG::ConnectionBad (connection to server on socket "/tmp/.s.PGSQL.5432" failed: No such file or directory
	Is the server running locally and accepting connections on that socket?
):
  
pg-1.6.2-arm64 (darwin) lib/pg/connection.rb:944:in `connect_start'
pg-1.6.2-arm64 (darwin) lib/pg/connection.rb:944:in `connect_to_hosts'
pg-1.6.2-arm64 (darwin) lib/pg/connection.rb:871:in `new'
pg-1.6.2-arm64 (darwin) lib/pg.rb:88:in `connect'
activerecord (8.0.4) lib/active_record/connection_adapters/postgresql_adapter.rb:58:in `new_client'
activerecord (8.0.4) lib/active_record/connection_adapters/postgresql_adapter.rb:939:in `connect'
activerecord (8.0.4) lib/active_record/connection_adapters/postgresql_adapter.rb:951:in `reconnect'
activerecord (8.0.4) lib/active_record/connection_adapters/abstract_adapter.rb:669:in `block in reconnect!'
activesupport (8.0.4) lib/active_support/concurrency/null_lock.rb:9:in `synchronize'
activerecord (8.0.4) lib/active_record/connection_adapters/abstract_adapter.rb:668:in `reconnect!'
activerecord (8.0.4) lib/active_record/connection_adapters/abstract_adapter.rb:773:in `block in verify!'
activesupport (8.0.4) lib/active_support/concurrency/null_lock.rb:9:in `synchronize'
activerecord (8.0.4) lib/active_record/connection_adapters/abstract_adapter.rb:763:in `verify!'
activerecord (8.0.4) lib/active_record/connection_adapters/abstract_adapter.rb:781:in `connect!'
activerecord (8.0.4) lib/active_record/connection_adapters/abstract_adapter.rb:987:in `block in with_raw_connection'
activesupport (8.0.4) lib/active_support/concurrency/null_lock.rb:9:in `synchronize'
activerecord (8.0.4) lib/active_record/connection_adapters/abstract_adapter.rb:986:in `with_raw_connection'
activerecord (8.0.4) lib/active_record/connection_adapters/postgresql/quoting.rb:128:in `quote_string'
activerecord (8.0.4) lib/active_record/connection_adapters/abstract/quoting.rb:76:in `quote'
activerecord (8.0.4) lib/active_record/connection_adapters/postgresql/quoting.rb:122:in `quote'
activerecord (8.0.4) lib/active_record/connection_adapters/postgresql/schema_statements.rb:1142:in `quoted_scope'
activerecord (8.0.4) lib/active_record/connection_adapters/postgresql/schema_statements.rb:1119:in `data_source_sql'
activerecord (8.0.4) lib/active_record/connection_adapters/abstract/schema_statements.rb:60:in `table_exists?'
activerecord (8.0.4) lib/active_record/schema_migration.rb:55:in `block in create_table'
activerecord (8.0.4) lib/active_record/connection_adapters/abstract/connection_pool.rb:422:in `with_connection'
activerecord (8.0.4) lib/active_record/schema_migration.rb:54:in `create_table'
activerecord (8.0.4) lib/active_record/migration.rb:1430:in `initialize'
activerecord (8.0.4) lib/active_record/migration.rb:1278:in `new'
activerecord (8.0.4) lib/active_record/migration.rb:1278:in `open'
activerecord (8.0.4) lib/active_record/migration.rb:762:in `block (2 levels) in pending_migrations'
activerecord (8.0.4) lib/active_record/migration/pending_migration_connection.rb:8:in `with_temporary_pool'
activerecord (8.0.4) lib/active_record/migration.rb:761:in `block in pending_migrations'
activerecord (8.0.4) lib/active_record/migration.rb:760:in `each'
activerecord (8.0.4) lib/active_record/migration.rb:760:in `pending_migrations'
activerecord (8.0.4) lib/active_record/migration.rb:739:in `check_pending_migrations'
activerecord (8.0.4) lib/active_record/migration.rb:659:in `block (2 levels) in call'
activesupport (8.0.4) lib/active_support/file_update_checker.rb:85:in `execute'
activerecord (8.0.4) lib/active_record/migration.rb:664:in `block in call'
activerecord (8.0.4) lib/active_record/migration.rb:656:in `synchronize'
activerecord (8.0.4) lib/active_record/migration.rb:656:in `call'
actionpack (8.0.4) lib/action_dispatch/middleware/callbacks.rb:31:in `block in call'
activesupport (8.0.4) lib/active_support/callbacks.rb:100:in `run_callbacks'
actionpack (8.0.4) lib/action_dispatch/middleware/callbacks.rb:30:in `call'
actionpack (8.0.4) lib/action_dispatch/middleware/executor.rb:16:in `call'
actionpack (8.0.4) lib/action_dispatch/middleware/actionable_exceptions.rb:18:in `call'
actionpack (8.0.4) lib/action_dispatch/middleware/debug_exceptions.rb:31:in `call'
web-console (4.2.1) lib/web_console/middleware.rb:132:in `call_app'
web-console (4.2.1) lib/web_console/middleware.rb:28:in `block in call'
web-console (4.2.1) lib/web_console/middleware.rb:17:in `catch'
web-console (4.2.1) lib/web_console/middleware.rb:17:in `call'
actionpack (8.0.4) lib/action_dispatch/middleware/show_exceptions.rb:32:in `call'
railties (8.0.4) lib/rails/rack/logger.rb:41:in `call_app'
railties (8.0.4) lib/rails/rack/logger.rb:29:in `call'
actionpack (8.0.4) lib/action_dispatch/middleware/remote_ip.rb:96:in `call'
actionpack (8.0.4) lib/action_dispatch/middleware/request_id.rb:34:in `call'
rack (3.2.4) lib/rack/method_override.rb:28:in `call'
rack (3.2.4) lib/rack/runtime.rb:24:in `call'
actionpack (8.0.4) lib/action_dispatch/middleware/server_timing.rb:61:in `block in call'
actionpack (8.0.4) lib/action_dispatch/middleware/server_timing.rb:26:in `collect_events'
actionpack (8.0.4) lib/action_dispatch/middleware/server_timing.rb:60:in `call'
actionpack (8.0.4) lib/action_dispatch/middleware/executor.rb:16:in `call'
propshaft (1.3.1) lib/propshaft/server.rb:37:in `call'
actionpack (8.0.4) lib/action_dispatch/middleware/static.rb:27:in `call'
rack (3.2.4) lib/rack/sendfile.rb:131:in `call'
actionpack (8.0.4) lib/action_dispatch/middleware/host_authorization.rb:143:in `call'
railties (8.0.4) lib/rails/engine.rb:535:in `call'
puma (7.1.0) lib/puma/configuration.rb:300:in `call'
puma (7.1.0) lib/puma/request.rb:101:in `block in handle_request'
puma (7.1.0) lib/puma/thread_pool.rb:355:in `with_force_shutdown'
puma (7.1.0) lib/puma/request.rb:100:in `handle_request'
puma (7.1.0) lib/puma/server.rb:503:in `process_client'
puma (7.1.0) lib/puma/server.rb:262:in `block in run'
puma (7.1.0) lib/puma/thread_pool.rb:182:in `block in spawn_thread'
Started GET "/favicon.ico" for 127.0.0.1 at 2025-12-06 21:47:47 +0300
  
ActiveRecord::ConnectionNotEstablished (connection to server on socket "/tmp/.s.PGSQL.5432" failed: No such file or directory
	Is the server running locally and accepting connections on that socket?
)
Caused by: PG::ConnectionBad (connection to server on socket "/tmp/.s.PGSQL.5432" failed: No such file or directory
	Is the server running locally and accepting connections on that socket?
)

Information for: ActiveRecord::ConnectionNotEstablished (connection to server on socket "/tmp/.s.PGSQL.5432" failed: No such file or directory
	Is the server running locally and accepting connections on that socket?
):
  
activerecord (8.0.4) lib/active_record/connection_adapters/postgresql_adapter.rb:69:in `rescue in new_client'
activerecord (8.0.4) lib/active_record/connection_adapters/postgresql_adapter.rb:57:in `new_client'
activerecord (8.0.4) lib/active_record/connection_adapters/postgresql_adapter.rb:939:in `connect'
activerecord (8.0.4) lib/active_record/connection_adapters/postgresql_adapter.rb:951:in `reconnect'
activerecord (8.0.4) lib/active_record/connection_adapters/abstract_adapter.rb:669:in `block in reconnect!'
activesupport (8.0.4) lib/active_support/concurrency/null_lock.rb:9:in `synchronize'
activerecord (8.0.4) lib/active_record/connection_adapters/abstract_adapter.rb:668:in `reconnect!'
activerecord (8.0.4) lib/active_record/connection_adapters/abstract_adapter.rb:773:in `block in verify!'
activesupport (8.0.4) lib/active_support/concurrency/null_lock.rb:9:in `synchronize'
activerecord (8.0.4) lib/active_record/connection_adapters/abstract_adapter.rb:763:in `verify!'
activerecord (8.0.4) lib/active_record/connection_adapters/abstract_adapter.rb:781:in `connect!'
activerecord (8.0.4) lib/active_record/connection_adapters/abstract_adapter.rb:987:in `block in with_raw_connection'
activesupport (8.0.4) lib/active_support/concurrency/null_lock.rb:9:in `synchronize'
activerecord (8.0.4) lib/active_record/connection_adapters/abstract_adapter.rb:986:in `with_raw_connection'
activerecord (8.0.4) lib/active_record/connection_adapters/postgresql/quoting.rb:128:in `quote_string'
activerecord (8.0.4) lib/active_record/connection_adapters/abstract/quoting.rb:76:in `quote'
activerecord (8.0.4) lib/active_record/connection_adapters/postgresql/quoting.rb:122:in `quote'
activerecord (8.0.4) lib/active_record/connection_adapters/postgresql/schema_statements.rb:1142:in `quoted_scope'
activerecord (8.0.4) lib/active_record/connection_adapters/postgresql/schema_statements.rb:1119:in `data_source_sql'
activerecord (8.0.4) lib/active_record/connection_adapters/abstract/schema_statements.rb:60:in `table_exists?'
activerecord (8.0.4) lib/active_record/schema_migration.rb:55:in `block in create_table'
activerecord (8.0.4) lib/active_record/connection_adapters/abstract/connection_pool.rb:422:in `with_connection'
activerecord (8.0.4) lib/active_record/schema_migration.rb:54:in `create_table'
activerecord (8.0.4) lib/active_record/migration.rb:1430:in `initialize'
activerecord (8.0.4) lib/active_record/migration.rb:1278:in `new'
activerecord (8.0.4) lib/active_record/migration.rb:1278:in `open'
activerecord (8.0.4) lib/active_record/migration.rb:762:in `block (2 levels) in pending_migrations'
activerecord (8.0.4) lib/active_record/migration/pending_migration_connection.rb:8:in `with_temporary_pool'
activerecord (8.0.4) lib/active_record/migration.rb:761:in `block in pending_migrations'
activerecord (8.0.4) lib/active_record/migration.rb:760:in `each'
activerecord (8.0.4) lib/active_record/migration.rb:760:in `pending_migrations'
activerecord (8.0.4) lib/active_record/migration.rb:739:in `check_pending_migrations'
activerecord (8.0.4) lib/active_record/migration.rb:659:in `block (2 levels) in call'
activesupport (8.0.4) lib/active_support/file_update_checker.rb:85:in `execute'
activerecord (8.0.4) lib/active_record/migration.rb:664:in `block in call'
activerecord (8.0.4) lib/active_record/migration.rb:656:in `synchronize'
activerecord (8.0.4) lib/active_record/migration.rb:656:in `call'
actionpack (8.0.4) lib/action_dispatch/middleware/callbacks.rb:31:in `block in call'
activesupport (8.0.4) lib/active_support/callbacks.rb:100:in `run_callbacks'
actionpack (8.0.4) lib/action_dispatch/middleware/callbacks.rb:30:in `call'
actionpack (8.0.4) lib/action_dispatch/middleware/executor.rb:16:in `call'
actionpack (8.0.4) lib/action_dispatch/middleware/actionable_exceptions.rb:18:in `call'
actionpack (8.0.4) lib/action_dispatch/middleware/debug_exceptions.rb:31:in `call'
web-console (4.2.1) lib/web_console/middleware.rb:132:in `call_app'
web-console (4.2.1) lib/web_console/middleware.rb:28:in `block in call'
web-console (4.2.1) lib/web_console/middleware.rb:17:in `catch'
web-console (4.2.1) lib/web_console/middleware.rb:17:in `call'
actionpack (8.0.4) lib/action_dispatch/middleware/show_exceptions.rb:32:in `call'
railties (8.0.4) lib/rails/rack/logger.rb:41:in `call_app'
railties (8.0.4) lib/rails/rack/logger.rb:29:in `call'
actionpack (8.0.4) lib/action_dispatch/middleware/remote_ip.rb:96:in `call'
actionpack (8.0.4) lib/action_dispatch/middleware/request_id.rb:34:in `call'
rack (3.2.4) lib/rack/method_override.rb:28:in `call'
rack (3.2.4) lib/rack/runtime.rb:24:in `call'
actionpack (8.0.4) lib/action_dispatch/middleware/server_timing.rb:61:in `block in call'
actionpack (8.0.4) lib/action_dispatch/middleware/server_timing.rb:26:in `collect_events'
actionpack (8.0.4) lib/action_dispatch/middleware/server_timing.rb:60:in `call'
actionpack (8.0.4) lib/action_dispatch/middleware/executor.rb:16:in `call'
propshaft (1.3.1) lib/propshaft/server.rb:37:in `call'
actionpack (8.0.4) lib/action_dispatch/middleware/static.rb:27:in `call'
rack (3.2.4) lib/rack/sendfile.rb:131:in `call'
actionpack (8.0.4) lib/action_dispatch/middleware/host_authorization.rb:143:in `call'
railties (8.0.4) lib/rails/engine.rb:535:in `call'
puma (7.1.0) lib/puma/configuration.rb:300:in `call'
puma (7.1.0) lib/puma/request.rb:101:in `block in handle_request'
puma (7.1.0) lib/puma/thread_pool.rb:355:in `with_force_shutdown'
puma (7.1.0) lib/puma/request.rb:100:in `handle_request'
puma (7.1.0) lib/puma/server.rb:503:in `process_client'
puma (7.1.0) lib/puma/server.rb:262:in `block in run'
puma (7.1.0) lib/puma/thread_pool.rb:182:in `block in spawn_thread'

Information for cause: PG::ConnectionBad (connection to server on socket "/tmp/.s.PGSQL.5432" failed: No such file or directory
	Is the server running locally and accepting connections on that socket?
):
  
pg-1.6.2-arm64 (darwin) lib/pg/connection.rb:944:in `connect_start'
pg-1.6.2-arm64 (darwin) lib/pg/connection.rb:944:in `connect_to_hosts'
pg-1.6.2-arm64 (darwin) lib/pg/connection.rb:871:in `new'
pg-1.6.2-arm64 (darwin) lib/pg.rb:88:in `connect'
activerecord (8.0.4) lib/active_record/connection_adapters/postgresql_adapter.rb:58:in `new_client'
activerecord (8.0.4) lib/active_record/connection_adapters/postgresql_adapter.rb:939:in `connect'
activerecord (8.0.4) lib/active_record/connection_adapters/postgresql_adapter.rb:951:in `reconnect'
activerecord (8.0.4) lib/active_record/connection_adapters/abstract_adapter.rb:669:in `block in reconnect!'
activesupport (8.0.4) lib/active_support/concurrency/null_lock.rb:9:in `synchronize'
activerecord (8.0.4) lib/active_record/connection_adapters/abstract_adapter.rb:668:in `reconnect!'
activerecord (8.0.4) lib/active_record/connection_adapters/abstract_adapter.rb:773:in `block in verify!'
activesupport (8.0.4) lib/active_support/concurrency/null_lock.rb:9:in `synchronize'
activerecord (8.0.4) lib/active_record/connection_adapters/abstract_adapter.rb:763:in `verify!'
activerecord (8.0.4) lib/active_record/connection_adapters/abstract_adapter.rb:781:in `connect!'
activerecord (8.0.4) lib/active_record/connection_adapters/abstract_adapter.rb:987:in `block in with_raw_connection'
activesupport (8.0.4) lib/active_support/concurrency/null_lock.rb:9:in `synchronize'
activerecord (8.0.4) lib/active_record/connection_adapters/abstract_adapter.rb:986:in `with_raw_connection'
activerecord (8.0.4) lib/active_record/connection_adapters/postgresql/quoting.rb:128:in `quote_string'
activerecord (8.0.4) lib/active_record/connection_adapters/abstract/quoting.rb:76:in `quote'
activerecord (8.0.4) lib/active_record/connection_adapters/postgresql/quoting.rb:122:in `quote'
activerecord (8.0.4) lib/active_record/connection_adapters/postgresql/schema_statements.rb:1142:in `quoted_scope'
activerecord (8.0.4) lib/active_record/connection_adapters/postgresql/schema_statements.rb:1119:in `data_source_sql'
activerecord (8.0.4) lib/active_record/connection_adapters/abstract/schema_statements.rb:60:in `table_exists?'
activerecord (8.0.4) lib/active_record/schema_migration.rb:55:in `block in create_table'
activerecord (8.0.4) lib/active_record/connection_adapters/abstract/connection_pool.rb:422:in `with_connection'
activerecord (8.0.4) lib/active_record/schema_migration.rb:54:in `create_table'
activerecord (8.0.4) lib/active_record/migration.rb:1430:in `initialize'
activerecord (8.0.4) lib/active_record/migration.rb:1278:in `new'
activerecord (8.0.4) lib/active_record/migration.rb:1278:in `open'
activerecord (8.0.4) lib/active_record/migration.rb:762:in `block (2 levels) in pending_migrations'
activerecord (8.0.4) lib/active_record/migration/pending_migration_connection.rb:8:in `with_temporary_pool'
activerecord (8.0.4) lib/active_record/migration.rb:761:in `block in pending_migrations'
activerecord (8.0.4) lib/active_record/migration.rb:760:in `each'
activerecord (8.0.4) lib/active_record/migration.rb:760:in `pending_migrations'
activerecord (8.0.4) lib/active_record/migration.rb:739:in `check_pending_migrations'
activerecord (8.0.4) lib/active_record/migration.rb:659:in `block (2 levels) in call'
activesupport (8.0.4) lib/active_support/file_update_checker.rb:85:in `execute'
activerecord (8.0.4) lib/active_record/migration.rb:664:in `block in call'
activerecord (8.0.4) lib/active_record/migration.rb:656:in `synchronize'
activerecord (8.0.4) lib/active_record/migration.rb:656:in `call'
actionpack (8.0.4) lib/action_dispatch/middleware/callbacks.rb:31:in `block in call'
activesupport (8.0.4) lib/active_support/callbacks.rb:100:in `run_callbacks'
actionpack (8.0.4) lib/action_dispatch/middleware/callbacks.rb:30:in `call'
actionpack (8.0.4) lib/action_dispatch/middleware/executor.rb:16:in `call'
actionpack (8.0.4) lib/action_dispatch/middleware/actionable_exceptions.rb:18:in `call'
actionpack (8.0.4) lib/action_dispatch/middleware/debug_exceptions.rb:31:in `call'
web-console (4.2.1) lib/web_console/middleware.rb:132:in `call_app'
web-console (4.2.1) lib/web_console/middleware.rb:28:in `block in call'
web-console (4.2.1) lib/web_console/middleware.rb:17:in `catch'
web-console (4.2.1) lib/web_console/middleware.rb:17:in `call'
actionpack (8.0.4) lib/action_dispatch/middleware/show_exceptions.rb:32:in `call'
railties (8.0.4) lib/rails/rack/logger.rb:41:in `call_app'
railties (8.0.4) lib/rails/rack/logger.rb:29:in `call'
actionpack (8.0.4) lib/action_dispatch/middleware/remote_ip.rb:96:in `call'
actionpack (8.0.4) lib/action_dispatch/middleware/request_id.rb:34:in `call'
rack (3.2.4) lib/rack/method_override.rb:28:in `call'
rack (3.2.4) lib/rack/runtime.rb:24:in `call'
actionpack (8.0.4) lib/action_dispatch/middleware/server_timing.rb:61:in `block in call'
actionpack (8.0.4) lib/action_dispatch/middleware/server_timing.rb:26:in `collect_events'
actionpack (8.0.4) lib/action_dispatch/middleware/server_timing.rb:60:in `call'
actionpack (8.0.4) lib/action_dispatch/middleware/executor.rb:16:in `call'
propshaft (1.3.1) lib/propshaft/server.rb:37:in `call'
actionpack (8.0.4) lib/action_dispatch/middleware/static.rb:27:in `call'
rack (3.2.4) lib/rack/sendfile.rb:131:in `call'
actionpack (8.0.4) lib/action_dispatch/middleware/host_authorization.rb:143:in `call'
railties (8.0.4) lib/rails/engine.rb:535:in `call'
puma (7.1.0) lib/puma/configuration.rb:300:in `call'
puma (7.1.0) lib/puma/request.rb:101:in `block in handle_request'
puma (7.1.0) lib/puma/thread_pool.rb:355:in `with_force_shutdown'
puma (7.1.0) lib/puma/request.rb:100:in `handle_request'
puma (7.1.0) lib/puma/server.rb:503:in `process_client'
puma (7.1.0) lib/puma/server.rb:262:in `block in run'
puma (7.1.0) lib/puma/thread_pool.rb:182:in `block in spawn_thread'
